<?xml version="1.0" encoding="UTF-8"?>
<!-- Generated by org.testng.reporters.JUnitXMLReporter -->
<testsuite ignored="0" hostname="DESKTOP-JFI945F" failures="0" tests="3" name="StoreTests" time="13.293" errors="0" timestamp="2025-12-14T17:13:10 IST">
  <testcase classname="api.test.StoreTests" name="placePetOrder" time="8.621"/>
  <testcase classname="api.test.StoreTests" name="getPetOrder" time="1.309"/>
  <testcase classname="api.test.StoreTests" name="deletePetOrder" time="1.182"/>
</testsuite> <!-- StoreTests -->
