<?xml version="1.0" encoding="UTF-8"?>
<!-- Generated by org.testng.reporters.JUnitXMLReporter -->
<testsuite ignored="0" hostname="DESKTOP-JFI945F" failures="0" tests="10" name="Surefire test" time="47.946" errors="0" timestamp="2025-12-10T21:34:54 IST">
  <testcase classname="api.test.DDTests" name="testPostuser" time="13.799"/>
  <testcase classname="api.test.DDTests" name="testPostuser" time="1.469"/>
  <testcase classname="api.test.DDTests" name="testPostuser" time="1.18"/>
  <testcase classname="api.test.DDTests" name="testDeleteUserByName" time="1.28"/>
  <testcase classname="api.test.DDTests" name="testDeleteUserByName" time="1.15"/>
  <testcase classname="api.test.DDTests" name="testDeleteUserByName" time="1.178"/>
  <testcase classname="api.test.UserTests" name="testPostUser" time="1.672"/>
  <testcase classname="api.test.UserTests" name="testGetUserByName" time="1.167"/>
  <testcase classname="api.test.UserTests" name="testUpdateUser" time="2.335"/>
  <testcase classname="api.test.UserTests" name="testdeleteUser" time="4.319"/>
</testsuite> <!-- Surefire test -->
