<?xml version="1.0" encoding="UTF-8"?>
<!-- Generated by org.testng.reporters.JUnitXMLReporter -->
<testsuite ignored="0" hostname="DESKTOP-JFI945F" failures="0" tests="3" name="Default test" time="11.869" errors="0" timestamp="2025-12-14T17:07:30 IST">
  <testcase classname="api.test.StoreTests" name="placePetOrder" time="7.628"/>
  <testcase classname="api.test.StoreTests" name="getPetOrder" time="1.3"/>
  <testcase classname="api.test.StoreTests" name="deletePetOrder" time="1.172"/>
</testsuite> <!-- Default test -->
