<?xml version="1.0" encoding="UTF-8"?>
<testsuite xmlns:xsi="http://www.w3.org/2001/XMLSchema-instance" xsi:noNamespaceSchemaLocation="https://maven.apache.org/surefire/maven-surefire-plugin/xsd/surefire-test-report.xsd" version="3.0.2" name="TestSuite" time="15.651" tests="3" errors="0" skipped="0" failures="0">
  <properties>
[...]
</properties>
  <testcase name="placePetOrder" classname="api.test.StoreTests" time="8.658">
    <system-out><![CDATA[HTTP/1.1 200 OK
Date: Sun, 14 Dec 2025 11:43:02 GMT
Content-Type: application/json
Transfer-Encoding: chunked
Connection: keep-alive
Access-Control-Allow-Origin: *
Access-Control-Allow-Methods: GET, POST, DELETE, PUT
Access-Control-Allow-Headers: Content-Type, api_key, Authorization
Server: Jetty(9.2.9.v20150224)

{
    "id": 1,
    "petId": 2,
    "quantity": 10,
    "shipDate": "2025-12-14T11:42:57.036+0000",
    "status": "approved",
    "complete": true
}
]]></system-out>
    <system-err><![CDATA[SLF4J(W): No SLF4J providers were found.
SLF4J(W): Defaulting to no-operation (NOP) logger implementation
SLF4J(W): See https://www.slf4j.org/codes.html#noProviders for further details.
]]></system-err>
  </testcase>
  <testcase name="getPetOrder" classname="api.test.StoreTests" time="1.319">
    <system-out><![CDATA[HTTP/1.1 200 OK
Date: Sun, 14 Dec 2025 11:43:06 GMT
Content-Type: application/json
Transfer-Encoding: chunked
Connection: keep-alive
Access-Control-Allow-Origin: *
Access-Control-Allow-Methods: GET, POST, DELETE, PUT
Access-Control-Allow-Headers: Content-Type, api_key, Authorization
Server: Jetty(9.2.9.v20150224)

{
    "id": 1,
    "petId": 2,
    "quantity": 10,
    "shipDate": "2025-12-14T11:42:57.036+0000",
    "status": "approved",
    "complete": true
}
]]></system-out>
  </testcase>
  <testcase name="deletePetOrder" classname="api.test.StoreTests" time="1.159">
    <system-out><![CDATA[HTTP/1.1 200 OK
Date: Sun, 14 Dec 2025 11:43:07 GMT
Content-Type: application/json
Transfer-Encoding: chunked
Connection: keep-alive
Access-Control-Allow-Origin: *
Access-Control-Allow-Methods: GET, POST, DELETE, PUT
Access-Control-Allow-Headers: Content-Type, api_key, Authorization
Server: Jetty(9.2.9.v20150224)

{
    "code": 200,
    "type": "unknown",
    "message": "1"
}
]]></system-out>
  </testcase>
</testsuite>