<?xml version="1.0" encoding="UTF-8"?>
<testng-results ignored="0" total="4" passed="4" failed="0" skipped="0">
  <reporter-output>
  </reporter-output>
  <suite started-at="2025-12-10T21:55:35 IST" name="PetSuite" finished-at="2025-12-10T21:56:10 IST" duration-ms="34090">
    <groups>
    </groups>
    <test started-at="2025-12-10T21:55:35 IST" name="PetTests" finished-at="2025-12-10T21:56:10 IST" duration-ms="34090">
      <class name="api.test.UserTests2">
        <test-method is-config="true" signature="setUp()[pri:0, instance:api.test.UserTests2@131774fe]" started-at="2025-12-10T21:55:37 IST" name="setUp" finished-at="2025-12-10T21:55:45 IST" duration-ms="8820" status="PASS">
          <reporter-output>
          </reporter-output>
        </test-method> <!-- setUp -->
        <test-method signature="testPostUser()[pri:1, instance:api.test.UserTests2@131774fe]" started-at="2025-12-10T21:55:46 IST" name="testPostUser" finished-at="2025-12-10T21:56:01 IST" duration-ms="15842" status="PASS">
          <reporter-output>
          </reporter-output>
        </test-method> <!-- testPostUser -->
        <test-method signature="testGetUserByName()[pri:2, instance:api.test.UserTests2@131774fe]" started-at="2025-12-10T21:56:01 IST" name="testGetUserByName" finished-at="2025-12-10T21:56:03 IST" duration-ms="1259" status="PASS">
          <reporter-output>
          </reporter-output>
        </test-method> <!-- testGetUserByName -->
        <test-method signature="testUpdateUser()[pri:3, instance:api.test.UserTests2@131774fe]" started-at="2025-12-10T21:56:03 IST" name="testUpdateUser" finished-at="2025-12-10T21:56:05 IST" duration-ms="2381" status="PASS">
          <reporter-output>
          </reporter-output>
        </test-method> <!-- testUpdateUser -->
        <test-method signature="testdeleteUser()[pri:4, instance:api.test.UserTests2@131774fe]" started-at="2025-12-10T21:56:05 IST" name="testdeleteUser" finished-at="2025-12-10T21:56:10 IST" duration-ms="4418" status="PASS">
          <reporter-output>
          </reporter-output>
        </test-method> <!-- testdeleteUser -->
      </class> <!-- api.test.UserTests2 -->
    </test> <!-- PetTests -->
  </suite> <!-- PetSuite -->
</testng-results>
