<?xml version="1.0" encoding="UTF-8"?>
<testng-results ignored="0" total="3" passed="3" failed="0" skipped="0">
  <reporter-output>
  </reporter-output>
  <suite started-at="2025-12-14T17:12:56 IST" name="StoreSuite" finished-at="2025-12-14T17:13:09 IST" duration-ms="13293">
    <groups>
    </groups>
    <test started-at="2025-12-14T17:12:56 IST" name="StoreTests" finished-at="2025-12-14T17:13:09 IST" duration-ms="13293">
      <class name="api.test.StoreTests">
        <test-method is-config="true" signature="setUp()[pri:0, instance:api.test.StoreTests@30c15d8b]" started-at="2025-12-14T17:12:56 IST" name="setUp" finished-at="2025-12-14T17:12:58 IST" duration-ms="1548" status="PASS">
          <reporter-output>
          </reporter-output>
        </test-method> <!-- setUp -->
        <test-method signature="placePetOrder()[pri:1, instance:api.test.StoreTests@30c15d8b]" started-at="2025-12-14T17:12:58 IST" name="placePetOrder" finished-at="2025-12-14T17:13:07 IST" duration-ms="8621" status="PASS">
          <reporter-output>
          </reporter-output>
        </test-method> <!-- placePetOrder -->
        <test-method signature="getPetOrder()[pri:2, instance:api.test.StoreTests@30c15d8b]" started-at="2025-12-14T17:13:07 IST" name="getPetOrder" finished-at="2025-12-14T17:13:08 IST" duration-ms="1309" status="PASS">
          <reporter-output>
          </reporter-output>
        </test-method> <!-- getPetOrder -->
        <test-method signature="deletePetOrder()[pri:3, instance:api.test.StoreTests@30c15d8b]" started-at="2025-12-14T17:13:08 IST" name="deletePetOrder" finished-at="2025-12-14T17:13:09 IST" duration-ms="1182" status="PASS">
          <reporter-output>
          </reporter-output>
        </test-method> <!-- deletePetOrder -->
      </class> <!-- api.test.StoreTests -->
    </test> <!-- StoreTests -->
  </suite> <!-- StoreSuite -->
</testng-results>
