<?xml version="1.0" encoding="UTF-8"?>
<testng-results ignored="0" total="3" passed="3" failed="0" skipped="0">
  <reporter-output>
  </reporter-output>
  <suite started-at="2025-12-14T17:10:27 IST" name="StoreSuite" finished-at="2025-12-14T17:10:42 IST" duration-ms="15269">
    <groups>
    </groups>
    <test started-at="2025-12-14T17:10:27 IST" name="StoreTests" finished-at="2025-12-14T17:10:42 IST" duration-ms="15269">
      <class name="api.test.StoreTests">
        <test-method is-config="true" signature="setUp()[pri:0, instance:api.test.StoreTests@71e9ddb4]" started-at="2025-12-14T17:10:28 IST" name="setUp" finished-at="2025-12-14T17:10:30 IST" duration-ms="1437" status="PASS">
          <reporter-output>
          </reporter-output>
        </test-method> <!-- setUp -->
        <test-method signature="placePetOrder()[pri:1, instance:api.test.StoreTests@71e9ddb4]" started-at="2025-12-14T17:10:30 IST" name="placePetOrder" finished-at="2025-12-14T17:10:40 IST" duration-ms="9946" status="PASS">
          <reporter-output>
          </reporter-output>
        </test-method> <!-- placePetOrder -->
        <test-method signature="getPetOrder()[pri:2, instance:api.test.StoreTests@71e9ddb4]" started-at="2025-12-14T17:10:40 IST" name="getPetOrder" finished-at="2025-12-14T17:10:41 IST" duration-ms="1288" status="PASS">
          <reporter-output>
          </reporter-output>
        </test-method> <!-- getPetOrder -->
        <test-method signature="deletePetOrder()[pri:3, instance:api.test.StoreTests@71e9ddb4]" started-at="2025-12-14T17:10:41 IST" name="deletePetOrder" finished-at="2025-12-14T17:10:42 IST" duration-ms="1165" status="PASS">
          <reporter-output>
          </reporter-output>
        </test-method> <!-- deletePetOrder -->
      </class> <!-- api.test.StoreTests -->
    </test> <!-- StoreTests -->
  </suite> <!-- StoreSuite -->
</testng-results>
