<?xml version="1.0" encoding="UTF-8"?>
<!-- Generated by org.testng.reporters.JUnitReportReporter -->
<testsuite hostname="DESKTOP-JFI945F" failures="0" tests="4" name="api.test.UserTests" time="34.963" errors="0" timestamp="2025-12-10T20:20:02 IST" skipped="0">
  <testcase classname="api.test.UserTests" name="testPostUser" time="26.889"/>
  <testcase classname="api.test.UserTests" name="testGetUserByName" time="1.595"/>
  <testcase classname="api.test.UserTests" name="testUpdateUser" time="2.570"/>
  <testcase classname="api.test.UserTests" name="testdeleteUser" time="3.909"/>
</testsuite> <!-- api.test.UserTests -->
