<?xml version="1.0" encoding="UTF-8"?>
<!-- Generated by org.testng.reporters.JUnitReportReporter -->
<testsuite hostname="DESKTOP-JFI945F" failures="0" tests="4" name="api.test.UserTests2" time="25.739" errors="0" timestamp="2025-12-10T21:29:52 IST" skipped="0">
  <testcase classname="api.test.UserTests2" name="testPostUser" time="17.894"/>
  <testcase classname="api.test.UserTests2" name="testGetUserByName" time="1.342"/>
  <testcase classname="api.test.UserTests2" name="testUpdateUser" time="2.478"/>
  <testcase classname="api.test.UserTests2" name="testdeleteUser" time="4.025"/>
</testsuite> <!-- api.test.UserTests2 -->
