<?xml version="1.0" encoding="UTF-8"?>
<!-- Generated by org.testng.reporters.JUnitReportReporter -->
<testsuite hostname="DESKTOP-JFI945F" failures="0" tests="6" name="api.test.DDTests" time="16.343" errors="0" timestamp="2025-12-10T18:29:19 IST" skipped="0">
  <testcase classname="api.test.DDTests" name="testPostuser" time="1.191"/>
  <testcase classname="api.test.DDTests" name="testPostuser" time="1.214"/>
  <testcase classname="api.test.DDTests" name="testPostuser" time="10.333"/>
  <testcase classname="api.test.DDTests" name="testDeleteUserByName" time="1.166"/>
  <testcase classname="api.test.DDTests" name="testDeleteUserByName" time="1.176"/>
  <testcase classname="api.test.DDTests" name="testDeleteUserByName" time="1.263"/>
</testsuite> <!-- api.test.DDTests -->
