<?xml version="1.0" encoding="UTF-8"?>
<!-- Generated by org.testng.reporters.JUnitReportReporter -->
<testsuite hostname="DESKTOP-JFI945F" failures="0" tests="3" name="api.test.StoreTests" time="12.399" errors="0" timestamp="2025-12-14T17:10:43 IST" skipped="0">
  <testcase classname="api.test.StoreTests" name="placePetOrder" time="9.946"/>
  <testcase classname="api.test.StoreTests" name="getPetOrder" time="1.288"/>
  <testcase classname="api.test.StoreTests" name="deletePetOrder" time="1.165"/>
</testsuite> <!-- api.test.StoreTests -->
