<?xml version="1.0" encoding="UTF-8"?>
<!-- Generated by org.testng.reporters.JUnitReportReporter -->
<testsuite hostname="DESKTOP-JFI945F" failures="0" tests="4" name="api.test.UserTests2" time="23.900" errors="0" timestamp="2025-12-10T21:56:11 IST" skipped="0">
  <testcase classname="api.test.UserTests2" name="testPostUser" time="15.842"/>
  <testcase classname="api.test.UserTests2" name="testGetUserByName" time="1.259"/>
  <testcase classname="api.test.UserTests2" name="testUpdateUser" time="2.381"/>
  <testcase classname="api.test.UserTests2" name="testdeleteUser" time="4.418"/>
</testsuite> <!-- api.test.UserTests2 -->
