<?xml version="1.0" encoding="UTF-8"?>
<!-- Generated by org.testng.reporters.JUnitReportReporter -->
<testsuite hostname="DESKTOP-JFI945F" failures="0" tests="6" name="api.test.DDTests" time="20.056" errors="0" timestamp="2025-12-10T21:34:54 IST" skipped="0">
  <testcase classname="api.test.DDTests" name="testPostuser" time="13.799"/>
  <testcase classname="api.test.DDTests" name="testPostuser" time="1.180"/>
  <testcase classname="api.test.DDTests" name="testPostuser" time="1.469"/>
  <testcase classname="api.test.DDTests" name="testDeleteUserByName" time="1.280"/>
  <testcase classname="api.test.DDTests" name="testDeleteUserByName" time="1.150"/>
  <testcase classname="api.test.DDTests" name="testDeleteUserByName" time="1.178"/>
</testsuite> <!-- api.test.DDTests -->
