<?xml version="1.0" encoding="UTF-8"?>
<!-- Generated by org.testng.reporters.JUnitReportReporter -->
<testsuite hostname="DESKTOP-JFI945F" failures="0" tests="4" name="api.test.UserTests" time="9.493" errors="0" timestamp="2025-12-10T21:34:54 IST" skipped="0">
  <testcase classname="api.test.UserTests" name="testPostUser" time="1.672"/>
  <testcase classname="api.test.UserTests" name="testGetUserByName" time="1.167"/>
  <testcase classname="api.test.UserTests" name="testUpdateUser" time="2.335"/>
  <testcase classname="api.test.UserTests" name="testdeleteUser" time="4.319"/>
</testsuite> <!-- api.test.UserTests -->
