<?xml version="1.0" encoding="UTF-8"?>
<!-- Generated by org.testng.reporters.JUnitXMLReporter -->
<testsuite ignored="0" hostname="DESKTOP-JFI945F" failures="0" tests="4" name="PetTests" time="32.616" errors="0" timestamp="2025-12-10T21:29:51 IST">
  <testcase classname="api.test.UserTests2" name="testPostUser" time="17.894"/>
  <testcase classname="api.test.UserTests2" name="testGetUserByName" time="1.342"/>
  <testcase classname="api.test.UserTests2" name="testUpdateUser" time="2.478"/>
  <testcase classname="api.test.UserTests2" name="testdeleteUser" time="4.025"/>
</testsuite> <!-- PetTests -->
